<?xml version="1.0" encoding="UTF-8" standalone="no"?>
<testsuite failures="0" name="cucumber.runtime.formatter.JUnitFormatter" skipped="0" tests="2" time="55.775975">
    <testcase classname="Validation of two scenerio" name="Creation of two list" time="30.672634">
        <system-out><![CDATA[Given open the application on mobile device.................................passed
When click on second layout of the app......................................passed
And click on main menu of the app...........................................passed
And click on add list.......................................................passed
And click on another add list...............................................passed
Then select and delete one list.............................................passed
]]></system-out>
    </testcase>
    <testcase classname="Validation of two scenerio" name="Sorting of list scenario" time="25.103341">
        <system-out><![CDATA[Given open the application on mobile device.................................passed
When click on second layout of the app......................................passed
And click on main menu of the app...........................................passed
And click on add list.......................................................passed
And click on another add list...............................................passed
Then click on setting and sort the list created.............................passed
]]></system-out>
    </testcase>
</testsuite>
